Using pre-set license
Built from '2022.3/china_unity/release' branch; Version is '2022.3.17f1c1 (a01dafa986ec) revision 10493359'; Using compiler version '192829333'; Build Type 'Release'
OS: 'Windows 11  (10.0.22631) 64bit Professional' Language: 'zh' Physical Memory: 16236 MB
BatchMode: 1, IsHumanControllingUs: 0, StartBugReporterOnCrash: 0, Is64bit: 1, IsPro: 1

COMMAND LINE ARGUMENTS:
D:\UnityHub\UnityEditor\2022.3.17f1c1\Editor\Unity.exe
-adb2
-batchMode
-noUpm
-name
AssetImportWorker2
-projectPath
D:/UnityHub/UnityProjects/Dark Fantasy
-logFile
Logs/AssetImportWorker2.log
-srvPort
1986
Successfully changed project path to: D:/UnityHub/UnityProjects/Dark Fantasy
D:/UnityHub/UnityProjects/Dark Fantasy
[UnityMemory] Configuration Parameters - Can be set up in boot.config
    "memorysetup-bucket-allocator-granularity=16"
    "memorysetup-bucket-allocator-bucket-count=8"
    "memorysetup-bucket-allocator-block-size=33554432"
    "memorysetup-bucket-allocator-block-count=8"
    "memorysetup-main-allocator-block-size=16777216"
    "memorysetup-thread-allocator-block-size=16777216"
    "memorysetup-gfx-main-allocator-block-size=16777216"
    "memorysetup-gfx-thread-allocator-block-size=16777216"
    "memorysetup-cache-allocator-block-size=4194304"
    "memorysetup-typetree-allocator-block-size=2097152"
    "memorysetup-profiler-bucket-allocator-granularity=16"
    "memorysetup-profiler-bucket-allocator-bucket-count=8"
    "memorysetup-profiler-bucket-allocator-block-size=33554432"
    "memorysetup-profiler-bucket-allocator-block-count=8"
    "memorysetup-profiler-allocator-block-size=16777216"
    "memorysetup-profiler-editor-allocator-block-size=1048576"
    "memorysetup-temp-allocator-size-main=16777216"
    "memorysetup-job-temp-allocator-block-size=2097152"
    "memorysetup-job-temp-allocator-block-size-background=1048576"
    "memorysetup-job-temp-allocator-reduction-small-platforms=262144"
    "memorysetup-allocator-temp-initial-block-size-main=262144"
    "memorysetup-allocator-temp-initial-block-size-worker=262144"
    "memorysetup-temp-allocator-size-background-worker=32768"
    "memorysetup-temp-allocator-size-job-worker=262144"
    "memorysetup-temp-allocator-size-preload-manager=33554432"
    "memorysetup-temp-allocator-size-nav-mesh-worker=65536"
    "memorysetup-temp-allocator-size-audio-worker=65536"
    "memorysetup-temp-allocator-size-cloud-worker=32768"
    "memorysetup-temp-allocator-size-gi-baking-worker=262144"
    "memorysetup-temp-allocator-size-gfx=262144"
Player connection [2372] Host "[IP] 172.24.160.1 [Port] 0 [Flags] 2 [Guid] 2119791060 [EditorId] 2119791060 [Version] 1048832 [Id] WindowsEditor(7,Asher) [Debug] 1 [PackageName] WindowsEditor [ProjectName] Editor" joined multi-casting on [225.0.0.222:54997]...

Player connection [2372] Host "[IP] 172.24.160.1 [Port] 0 [Flags] 2 [Guid] 2119791060 [EditorId] 2119791060 [Version] 1048832 [Id] WindowsEditor(7,Asher) [Debug] 1 [PackageName] WindowsEditor [ProjectName] Editor" joined alternative multi-casting on [225.0.0.222:34997]...

[Physics::Module] Initialized MultithreadedJobDispatcher with 11 workers.
Refreshing native plugins compatible for Editor in 18.54 ms, found 3 plugins.
Preloading 0 native plugins for Editor in 0.00 ms.
Initialize engine version: 2022.3.17f1c1 (a01dafa986ec)
[Subsystems] Discovering subsystems at path D:/UnityHub/UnityEditor/2022.3.17f1c1/Editor/Data/Resources/UnitySubsystems
[Subsystems] Discovering subsystems at path D:/UnityHub/UnityProjects/Dark Fantasy/Assets
GfxDevice: creating device client; threaded=0; jobified=0
Direct3D:
    Version:  Direct3D 11.0 [level 11.1]
    Renderer: NVIDIA GeForce RTX 3050 Laptop GPU (ID=0x25e2)
    Vendor:   NVIDIA
    VRAM:     3964 MB
    Driver:   31.0.15.5161
Initialize mono
Mono path[0] = 'D:/UnityHub/UnityEditor/2022.3.17f1c1/Editor/Data/Managed'
Mono path[1] = 'D:/UnityHub/UnityEditor/2022.3.17f1c1/Editor/Data/MonoBleedingEdge/lib/mono/unityjit-win32'
Mono config path = 'D:/UnityHub/UnityEditor/2022.3.17f1c1/Editor/Data/MonoBleedingEdge/etc'
Using monoOptions --debugger-agent=transport=dt_socket,embedding=1,server=y,suspend=n,address=127.0.0.1:56288
Begin MonoManager ReloadAssembly
Registering precompiled unity dll's ...
Register platform support module: D:/UnityHub/UnityEditor/2022.3.17f1c1/Editor/Data/PlaybackEngines/WindowsStandaloneSupport/UnityEditor.WindowsStandalone.Extensions.dll
Registered in 0.006308 seconds.
- Loaded All Assemblies, in  0.599 seconds
Native extension for WindowsStandalone target not found
Mono: successfully reloaded assembly
- Finished resetting the current domain, in  0.241 seconds
Domain Reload Profiling: 835ms
	BeginReloadAssembly (113ms)
		ExecutionOrderSort (0ms)
		DisableScriptedObjects (0ms)
		BackupInstance (0ms)
		ReleaseScriptingObjects (0ms)
		CreateAndSetChildDomain (1ms)
	RebuildCommonClasses (152ms)
	RebuildNativeTypeToScriptingClass (9ms)
	initialDomainReloadingComplete (57ms)
	LoadAllAssembliesAndSetupDomain (263ms)
		LoadAssemblies (108ms)
		RebuildTransferFunctionScriptingTraits (0ms)
		AnalyzeDomain (261ms)
			TypeCache.Refresh (260ms)
				TypeCache.ScanAssembly (250ms)
			ScanForSourceGeneratedMonoScriptInfo (0ms)
			ResolveRequiredComponents (0ms)
	FinalizeReload (241ms)
		ReleaseScriptCaches (0ms)
		RebuildScriptCaches (0ms)
		SetupLoadedEditorAssemblies (189ms)
			LogAssemblyErrors (0ms)
			InitializePlatformSupportModulesInManaged (7ms)
			SetLoadedEditorAssemblies (7ms)
			RefreshPlugins (0ms)
			BeforeProcessingInitializeOnLoad (2ms)
			ProcessInitializeOnLoadAttributes (128ms)
			ProcessInitializeOnLoadMethodAttributes (46ms)
			AfterProcessingInitializeOnLoad (0ms)
			EditorAssembliesLoaded (0ms)
		ExecutionOrderSort2 (0ms)
		AwakeInstancesAfterBackupRestoration (0ms)
========================================================================
Worker process is ready to serve import requests
Begin MonoManager ReloadAssembly
- Loaded All Assemblies, in  0.666 seconds
Refreshing native plugins compatible for Editor in 7.03 ms, found 3 plugins.
Native extension for WindowsStandalone target not found
Package Manager log level set to [2]
[Package Manager] Server::EnsureServerProcessIsRunning -- launch failed, reason: Unity was launched with the -noUpm command-line argument
[Package Manager] UpmClient::Send -- Unable to send message (not connected to UPM process).
[Package Manager] Cannot connect to Unity Package Manager local server
Mono: successfully reloaded assembly
- Finished resetting the current domain, in  0.592 seconds
Domain Reload Profiling: 1251ms
	BeginReloadAssembly (163ms)
		ExecutionOrderSort (0ms)
		DisableScriptedObjects (5ms)
		BackupInstance (0ms)
		ReleaseScriptingObjects (0ms)
		CreateAndSetChildDomain (19ms)
	RebuildCommonClasses (29ms)
	RebuildNativeTypeToScriptingClass (9ms)
	initialDomainReloadingComplete (47ms)
	LoadAllAssembliesAndSetupDomain (411ms)
		LoadAssemblies (325ms)
		RebuildTransferFunctionScriptingTraits (0ms)
		AnalyzeDomain (192ms)
			TypeCache.Refresh (174ms)
				TypeCache.ScanAssembly (120ms)
			ScanForSourceGeneratedMonoScriptInfo (14ms)
			ResolveRequiredComponents (3ms)
	FinalizeReload (592ms)
		ReleaseScriptCaches (0ms)
		RebuildScriptCaches (0ms)
		SetupLoadedEditorAssemblies (463ms)
			LogAssemblyErrors (0ms)
			InitializePlatformSupportModulesInManaged (5ms)
			SetLoadedEditorAssemblies (3ms)
			RefreshPlugins (0ms)
			BeforeProcessingInitializeOnLoad (63ms)
			ProcessInitializeOnLoadAttributes (363ms)
			ProcessInitializeOnLoadMethodAttributes (18ms)
			AfterProcessingInitializeOnLoad (12ms)
			EditorAssembliesLoaded (0ms)
		ExecutionOrderSort2 (0ms)
		AwakeInstancesAfterBackupRestoration (5ms)
Launched and connected shader compiler UnityShaderCompiler.exe after 0.06 seconds
Refreshing native plugins compatible for Editor in 8.07 ms, found 3 plugins.
Preloading 0 native plugins for Editor in 0.00 ms.
Unloading 3497 Unused Serialized files (Serialized files now loaded: 0)
Unloading 39 unused Assets / (59.1 KB). Loaded Objects now: 3966.
Memory consumption went from 147.7 MB to 147.6 MB.
Total: 3.471700 ms (FindLiveObjects: 0.221600 ms CreateObjectMapping: 0.106000 ms MarkObjects: 2.960000 ms  DeleteObjects: 0.183300 ms)

AssetImportParameters requested are different than current active one (requested -> active):
  custom:scripting/monoscript/fileName/ChildGameObjects.cs: 46ed47150dae60ef794bca31aac062be -> 
  custom:container-demuxer-ogg: 62fdf1f143b41e24485cea50d1cbac27 -> 
  custom:scripting/monoscript/fileName/ResizePanel.cs: 34d95ac36ae44d64ceaf340236a91951 -> 
  custom:video-codec-MediaFoundation-h265: 746d11721c4dcdbdad8f713fa42b33f4 -> 
  custom:scripting/monoscript/fileName/GUISoundManager.cs: 2dcf27ebc3da6fd3f5c4717c6d0d0ce7 -> 
  custom:video-decoder-ogg-theora: a1e56fd34408186e4bbccfd4996cb3dc -> 
  custom:framework-win-MediaFoundation: 216162199b28c13a410421893ffa2e32 -> 
  custom:scripting/monoscript/fileName/NewBehaviourScript.cs: b21687ddb03d73bd9f0c1daecb9714de -> 
  custom:scripting/monoscript/fileName/GUISpriteRotate.cs: 9790ecf63c6c18113bd0998a6c96ba5f -> 
  custom:CustomObjectIndexerAttribute: 6d391050e5a25f67b0a2c618074f2cd9 -> 
  custom:scripting/monoscript/fileName/LoadingSimulation.cs: a7f4e74cd79d894e9a0d1b7f8c422466 -> 
  custom:container-demuxer-webm: 4f35f7cbe854078d1ac9338744f61a02 -> 
  custom:container-muxer-webm: aa71ff27fc2769a1b78a27578f13a17b -> 
  custom:video-decoder-webm-vp8: 9c59270c3fd7afecdb556c50c9e8de78 -> 
  custom:scripting/monoscript/fileName/BallMask.cs: f583f25cd2924eb484703b552f64fc33 -> 
  custom:SearchIndexIgnoredProperties: e643bd26f0fe6173181afceb89e7c659 -> 
  custom:AudioImporter_EditorPlatform: d09bf68614088b80899f8185d706f6e7 -> 
  custom:video-encoder-webm-vp8: eb34c28f22e8b96e1ab97ce403110664 -> 
  custom:audio-decoder-ogg-vorbis: bf7c407c2cedff20999df2af8eb42d56 -> 
  custom:scripting/monoscript/fileName/ChangeCursorOnHover.cs: 5e70ca0c77366cb781fb338adeb8e778 -> 
  custom:scripting/monoscript/fileName/SliderManager.cs: 99e63196ab76039ff325259831eca709 -> 
  custom:scripting/monoscript/fileName/DragPanel.cs: 376a07f318599d41c8186ab66774b222 -> 
  custom:audio-encoder-webm-vorbis: bf7c407c2cedff20999df2af8eb42d56 -> 
  custom:scripting/monoscript/fileName/Validate.cs: 5d4f1630d3efc0ce2491cb2df7d8a4d6 -> 
========================================================================
Received Prepare
Begin MonoManager ReloadAssembly
- Loaded All Assemblies, in  0.461 seconds
Refreshing native plugins compatible for Editor in 6.19 ms, found 3 plugins.
Native extension for WindowsStandalone target not found
[Package Manager] Server::EnsureServerProcessIsRunning -- launch failed, reason: Unity was launched with the -noUpm command-line argument
[Package Manager] UpmClient::Send -- Unable to send message (not connected to UPM process).
[Package Manager] Cannot connect to Unity Package Manager local server
Mono: successfully reloaded assembly
- Finished resetting the current domain, in  1.044 seconds
Domain Reload Profiling: 1496ms
	BeginReloadAssembly (172ms)
		ExecutionOrderSort (0ms)
		DisableScriptedObjects (4ms)
		BackupInstance (0ms)
		ReleaseScriptingObjects (0ms)
		CreateAndSetChildDomain (35ms)
	RebuildCommonClasses (29ms)
	RebuildNativeTypeToScriptingClass (9ms)
	initialDomainReloadingComplete (35ms)
	LoadAllAssembliesAndSetupDomain (207ms)
		LoadAssemblies (282ms)
		RebuildTransferFunctionScriptingTraits (0ms)
		AnalyzeDomain (22ms)
			TypeCache.Refresh (7ms)
				TypeCache.ScanAssembly (1ms)
			ScanForSourceGeneratedMonoScriptInfo (10ms)
			ResolveRequiredComponents (4ms)
	FinalizeReload (1044ms)
		ReleaseScriptCaches (0ms)
		RebuildScriptCaches (0ms)
		SetupLoadedEditorAssemblies (374ms)
			LogAssemblyErrors (0ms)
			InitializePlatformSupportModulesInManaged (5ms)
			SetLoadedEditorAssemblies (3ms)
			RefreshPlugins (0ms)
			BeforeProcessingInitializeOnLoad (59ms)
			ProcessInitializeOnLoadAttributes (278ms)
			ProcessInitializeOnLoadMethodAttributes (17ms)
			AfterProcessingInitializeOnLoad (13ms)
			EditorAssembliesLoaded (0ms)
		ExecutionOrderSort2 (0ms)
		AwakeInstancesAfterBackupRestoration (6ms)
Refreshing native plugins compatible for Editor in 8.49 ms, found 3 plugins.
Preloading 0 native plugins for Editor in 0.00 ms.
Unloading 3475 Unused Serialized files (Serialized files now loaded: 0)
Unloading 24 unused Assets / (31.6 KB). Loaded Objects now: 3969.
Memory consumption went from 140.3 MB to 140.3 MB.
Total: 2.922000 ms (FindLiveObjects: 0.271400 ms CreateObjectMapping: 0.110600 ms MarkObjects: 2.476200 ms  DeleteObjects: 0.062600 ms)

Prepare: number of updated asset objects reloaded= 0
AssetImportParameters requested are different than current active one (requested -> active):
  custom:scripting/monoscript/fileName/ChildGameObjects.cs: 46ed47150dae60ef794bca31aac062be -> 
  custom:container-demuxer-ogg: 62fdf1f143b41e24485cea50d1cbac27 -> 
  custom:scripting/monoscript/fileName/ResizePanel.cs: 34d95ac36ae44d64ceaf340236a91951 -> 
  custom:video-codec-MediaFoundation-h265: 746d11721c4dcdbdad8f713fa42b33f4 -> 
  custom:scripting/monoscript/fileName/GUISoundManager.cs: 2dcf27ebc3da6fd3f5c4717c6d0d0ce7 -> 
  custom:video-decoder-ogg-theora: a1e56fd34408186e4bbccfd4996cb3dc -> 
  custom:framework-win-MediaFoundation: 216162199b28c13a410421893ffa2e32 -> 
  custom:scripting/monoscript/fileName/NewBehaviourScript.cs: b21687ddb03d73bd9f0c1daecb9714de -> 
  custom:scripting/monoscript/fileName/GUISpriteRotate.cs: 9790ecf63c6c18113bd0998a6c96ba5f -> 
  custom:CustomObjectIndexerAttribute: 6d391050e5a25f67b0a2c618074f2cd9 -> 
  custom:scripting/monoscript/fileName/LoadingSimulation.cs: a7f4e74cd79d894e9a0d1b7f8c422466 -> 
  custom:container-demuxer-webm: 4f35f7cbe854078d1ac9338744f61a02 -> 
  custom:container-muxer-webm: aa71ff27fc2769a1b78a27578f13a17b -> 
  custom:video-decoder-webm-vp8: 9c59270c3fd7afecdb556c50c9e8de78 -> 
  custom:scripting/monoscript/fileName/BallMask.cs: f583f25cd2924eb484703b552f64fc33 -> 
  custom:SearchIndexIgnoredProperties: e643bd26f0fe6173181afceb89e7c659 -> 
  custom:AudioImporter_EditorPlatform: d09bf68614088b80899f8185d706f6e7 -> 
  custom:video-encoder-webm-vp8: eb34c28f22e8b96e1ab97ce403110664 -> 
  custom:audio-decoder-ogg-vorbis: bf7c407c2cedff20999df2af8eb42d56 -> 
  custom:scripting/monoscript/fileName/ChangeCursorOnHover.cs: 5e70ca0c77366cb781fb338adeb8e778 -> 
  custom:scripting/monoscript/fileName/SliderManager.cs: 99e63196ab76039ff325259831eca709 -> 
  custom:scripting/monoscript/fileName/DragPanel.cs: 376a07f318599d41c8186ab66774b222 -> 
  custom:audio-encoder-webm-vorbis: bf7c407c2cedff20999df2af8eb42d56 -> 
  custom:scripting/monoscript/fileName/Validate.cs: 5d4f1630d3efc0ce2491cb2df7d8a4d6 -> 
========================================================================
Received Prepare
Begin MonoManager ReloadAssembly
- Loaded All Assemblies, in  0.461 seconds
Refreshing native plugins compatible for Editor in 7.32 ms, found 3 plugins.
Native extension for WindowsStandalone target not found
[Package Manager] Server::EnsureServerProcessIsRunning -- launch failed, reason: Unity was launched with the -noUpm command-line argument
[Package Manager] UpmClient::Send -- Unable to send message (not connected to UPM process).
[Package Manager] Cannot connect to Unity Package Manager local server
Mono: successfully reloaded assembly
- Finished resetting the current domain, in  1.153 seconds
Domain Reload Profiling: 1607ms
	BeginReloadAssembly (176ms)
		ExecutionOrderSort (0ms)
		DisableScriptedObjects (5ms)
		BackupInstance (0ms)
		ReleaseScriptingObjects (0ms)
		CreateAndSetChildDomain (31ms)
	RebuildCommonClasses (28ms)
	RebuildNativeTypeToScriptingClass (9ms)
	initialDomainReloadingComplete (37ms)
	LoadAllAssembliesAndSetupDomain (203ms)
		LoadAssemblies (296ms)
		RebuildTransferFunctionScriptingTraits (0ms)
		AnalyzeDomain (10ms)
			TypeCache.Refresh (5ms)
				TypeCache.ScanAssembly (0ms)
			ScanForSourceGeneratedMonoScriptInfo (0ms)
			ResolveRequiredComponents (4ms)
	FinalizeReload (1154ms)
		ReleaseScriptCaches (0ms)
		RebuildScriptCaches (0ms)
		SetupLoadedEditorAssemblies (417ms)
			LogAssemblyErrors (0ms)
			InitializePlatformSupportModulesInManaged (5ms)
			SetLoadedEditorAssemblies (3ms)
			RefreshPlugins (0ms)
			BeforeProcessingInitializeOnLoad (68ms)
			ProcessInitializeOnLoadAttributes (305ms)
			ProcessInitializeOnLoadMethodAttributes (20ms)
			AfterProcessingInitializeOnLoad (15ms)
			EditorAssembliesLoaded (0ms)
		ExecutionOrderSort2 (0ms)
		AwakeInstancesAfterBackupRestoration (7ms)
Refreshing native plugins compatible for Editor in 6.70 ms, found 3 plugins.
Preloading 0 native plugins for Editor in 0.00 ms.
Unloading 3475 Unused Serialized files (Serialized files now loaded: 0)
Unloading 24 unused Assets / (31.6 KB). Loaded Objects now: 3972.
Memory consumption went from 142.2 MB to 142.2 MB.
Total: 2.955200 ms (FindLiveObjects: 0.288800 ms CreateObjectMapping: 0.108400 ms MarkObjects: 2.502600 ms  DeleteObjects: 0.054100 ms)

Prepare: number of updated asset objects reloaded= 0
AssetImportParameters requested are different than current active one (requested -> active):
  custom:scripting/monoscript/fileName/ChildGameObjects.cs: 46ed47150dae60ef794bca31aac062be -> 
  custom:container-demuxer-ogg: 62fdf1f143b41e24485cea50d1cbac27 -> 
  custom:scripting/monoscript/fileName/ResizePanel.cs: 34d95ac36ae44d64ceaf340236a91951 -> 
  custom:video-codec-MediaFoundation-h265: 746d11721c4dcdbdad8f713fa42b33f4 -> 
  custom:scripting/monoscript/fileName/GUISoundManager.cs: 2dcf27ebc3da6fd3f5c4717c6d0d0ce7 -> 
  custom:video-decoder-ogg-theora: a1e56fd34408186e4bbccfd4996cb3dc -> 
  custom:framework-win-MediaFoundation: 216162199b28c13a410421893ffa2e32 -> 
  custom:scripting/monoscript/fileName/NewBehaviourScript.cs: b21687ddb03d73bd9f0c1daecb9714de -> 
  custom:scripting/monoscript/fileName/GUISpriteRotate.cs: 9790ecf63c6c18113bd0998a6c96ba5f -> 
  custom:CustomObjectIndexerAttribute: 6d391050e5a25f67b0a2c618074f2cd9 -> 
  custom:scripting/monoscript/fileName/LoadingSimulation.cs: a7f4e74cd79d894e9a0d1b7f8c422466 -> 
  custom:container-demuxer-webm: 4f35f7cbe854078d1ac9338744f61a02 -> 
  custom:container-muxer-webm: aa71ff27fc2769a1b78a27578f13a17b -> 
  custom:video-decoder-webm-vp8: 9c59270c3fd7afecdb556c50c9e8de78 -> 
  custom:scripting/monoscript/fileName/BallMask.cs: f583f25cd2924eb484703b552f64fc33 -> 
  custom:SearchIndexIgnoredProperties: e643bd26f0fe6173181afceb89e7c659 -> 
  custom:AudioImporter_EditorPlatform: d09bf68614088b80899f8185d706f6e7 -> 
  custom:video-encoder-webm-vp8: eb34c28f22e8b96e1ab97ce403110664 -> 
  custom:audio-decoder-ogg-vorbis: bf7c407c2cedff20999df2af8eb42d56 -> 
  custom:scripting/monoscript/fileName/ChangeCursorOnHover.cs: 5e70ca0c77366cb781fb338adeb8e778 -> 
  custom:scripting/monoscript/fileName/SliderManager.cs: 99e63196ab76039ff325259831eca709 -> 
  custom:scripting/monoscript/fileName/DragPanel.cs: 376a07f318599d41c8186ab66774b222 -> 
  custom:audio-encoder-webm-vorbis: bf7c407c2cedff20999df2af8eb42d56 -> 
  custom:scripting/monoscript/fileName/Validate.cs: 5d4f1630d3efc0ce2491cb2df7d8a4d6 -> 
========================================================================
Received Prepare
Begin MonoManager ReloadAssembly
- Loaded All Assemblies, in  0.483 seconds
Refreshing native plugins compatible for Editor in 6.65 ms, found 3 plugins.
Native extension for WindowsStandalone target not found
[Package Manager] Server::EnsureServerProcessIsRunning -- launch failed, reason: Unity was launched with the -noUpm command-line argument
[Package Manager] UpmClient::Send -- Unable to send message (not connected to UPM process).
[Package Manager] Cannot connect to Unity Package Manager local server
Mono: successfully reloaded assembly
- Finished resetting the current domain, in  1.059 seconds
Domain Reload Profiling: 1535ms
	BeginReloadAssembly (168ms)
		ExecutionOrderSort (0ms)
		DisableScriptedObjects (5ms)
		BackupInstance (0ms)
		ReleaseScriptingObjects (0ms)
		CreateAndSetChildDomain (30ms)
	RebuildCommonClasses (41ms)
	RebuildNativeTypeToScriptingClass (9ms)
	initialDomainReloadingComplete (44ms)
	LoadAllAssembliesAndSetupDomain (213ms)
		LoadAssemblies (288ms)
		RebuildTransferFunctionScriptingTraits (0ms)
		AnalyzeDomain (22ms)
			TypeCache.Refresh (7ms)
				TypeCache.ScanAssembly (1ms)
			ScanForSourceGeneratedMonoScriptInfo (10ms)
			ResolveRequiredComponents (4ms)
	FinalizeReload (1060ms)
		ReleaseScriptCaches (0ms)
		RebuildScriptCaches (0ms)
		SetupLoadedEditorAssemblies (369ms)
			LogAssemblyErrors (0ms)
			InitializePlatformSupportModulesInManaged (4ms)
			SetLoadedEditorAssemblies (2ms)
			RefreshPlugins (0ms)
			BeforeProcessingInitializeOnLoad (58ms)
			ProcessInitializeOnLoadAttributes (273ms)
			ProcessInitializeOnLoadMethodAttributes (17ms)
			AfterProcessingInitializeOnLoad (14ms)
			EditorAssembliesLoaded (0ms)
		ExecutionOrderSort2 (0ms)
		AwakeInstancesAfterBackupRestoration (6ms)
Refreshing native plugins compatible for Editor in 8.56 ms, found 3 plugins.
Preloading 0 native plugins for Editor in 0.00 ms.
Unloading 3475 Unused Serialized files (Serialized files now loaded: 0)
Unloading 24 unused Assets / (31.6 KB). Loaded Objects now: 3975.
Memory consumption went from 144.2 MB to 144.1 MB.
Total: 2.932000 ms (FindLiveObjects: 0.260000 ms CreateObjectMapping: 0.118300 ms MarkObjects: 2.477200 ms  DeleteObjects: 0.075500 ms)

Prepare: number of updated asset objects reloaded= 0
AssetImportParameters requested are different than current active one (requested -> active):
  custom:scripting/monoscript/fileName/ChildGameObjects.cs: 46ed47150dae60ef794bca31aac062be -> 
  custom:container-demuxer-ogg: 62fdf1f143b41e24485cea50d1cbac27 -> 
  custom:scripting/monoscript/fileName/ResizePanel.cs: 34d95ac36ae44d64ceaf340236a91951 -> 
  custom:video-codec-MediaFoundation-h265: 746d11721c4dcdbdad8f713fa42b33f4 -> 
  custom:scripting/monoscript/fileName/GUISoundManager.cs: 2dcf27ebc3da6fd3f5c4717c6d0d0ce7 -> 
  custom:video-decoder-ogg-theora: a1e56fd34408186e4bbccfd4996cb3dc -> 
  custom:framework-win-MediaFoundation: 216162199b28c13a410421893ffa2e32 -> 
  custom:scripting/monoscript/fileName/NewBehaviourScript.cs: b21687ddb03d73bd9f0c1daecb9714de -> 
  custom:scripting/monoscript/fileName/GUISpriteRotate.cs: 9790ecf63c6c18113bd0998a6c96ba5f -> 
  custom:CustomObjectIndexerAttribute: 6d391050e5a25f67b0a2c618074f2cd9 -> 
  custom:scripting/monoscript/fileName/LoadingSimulation.cs: a7f4e74cd79d894e9a0d1b7f8c422466 -> 
  custom:container-demuxer-webm: 4f35f7cbe854078d1ac9338744f61a02 -> 
  custom:container-muxer-webm: aa71ff27fc2769a1b78a27578f13a17b -> 
  custom:video-decoder-webm-vp8: 9c59270c3fd7afecdb556c50c9e8de78 -> 
  custom:scripting/monoscript/fileName/BallMask.cs: f583f25cd2924eb484703b552f64fc33 -> 
  custom:SearchIndexIgnoredProperties: e643bd26f0fe6173181afceb89e7c659 -> 
  custom:AudioImporter_EditorPlatform: d09bf68614088b80899f8185d706f6e7 -> 
  custom:video-encoder-webm-vp8: eb34c28f22e8b96e1ab97ce403110664 -> 
  custom:audio-decoder-ogg-vorbis: bf7c407c2cedff20999df2af8eb42d56 -> 
  custom:scripting/monoscript/fileName/ChangeCursorOnHover.cs: 5e70ca0c77366cb781fb338adeb8e778 -> 
  custom:scripting/monoscript/fileName/SliderManager.cs: 99e63196ab76039ff325259831eca709 -> 
  custom:scripting/monoscript/fileName/DragPanel.cs: 376a07f318599d41c8186ab66774b222 -> 
  custom:audio-encoder-webm-vorbis: bf7c407c2cedff20999df2af8eb42d56 -> 
  custom:scripting/monoscript/fileName/Validate.cs: 5d4f1630d3efc0ce2491cb2df7d8a4d6 -> 
========================================================================
Received Prepare
Begin MonoManager ReloadAssembly
- Loaded All Assemblies, in  0.478 seconds
Refreshing native plugins compatible for Editor in 7.90 ms, found 3 plugins.
Native extension for WindowsStandalone target not found
[Package Manager] Server::EnsureServerProcessIsRunning -- launch failed, reason: Unity was launched with the -noUpm command-line argument
[Package Manager] UpmClient::Send -- Unable to send message (not connected to UPM process).
[Package Manager] Cannot connect to Unity Package Manager local server
Mono: successfully reloaded assembly
- Finished resetting the current domain, in  1.188 seconds
Domain Reload Profiling: 1657ms
	BeginReloadAssembly (173ms)
		ExecutionOrderSort (0ms)
		DisableScriptedObjects (5ms)
		BackupInstance (0ms)
		ReleaseScriptingObjects (0ms)
		CreateAndSetChildDomain (31ms)
	RebuildCommonClasses (36ms)
	RebuildNativeTypeToScriptingClass (9ms)
	initialDomainReloadingComplete (40ms)
	LoadAllAssembliesAndSetupDomain (210ms)
		LoadAssemblies (288ms)
		RebuildTransferFunctionScriptingTraits (0ms)
		AnalyzeDomain (22ms)
			TypeCache.Refresh (7ms)
				TypeCache.ScanAssembly (1ms)
			ScanForSourceGeneratedMonoScriptInfo (10ms)
			ResolveRequiredComponents (4ms)
	FinalizeReload (1189ms)
		ReleaseScriptCaches (0ms)
		RebuildScriptCaches (0ms)
		SetupLoadedEditorAssemblies (438ms)
			LogAssemblyErrors (0ms)
			InitializePlatformSupportModulesInManaged (5ms)
			SetLoadedEditorAssemblies (3ms)
			RefreshPlugins (0ms)
			BeforeProcessingInitializeOnLoad (66ms)
			ProcessInitializeOnLoadAttributes (329ms)
			ProcessInitializeOnLoadMethodAttributes (23ms)
			AfterProcessingInitializeOnLoad (13ms)
			EditorAssembliesLoaded (0ms)
		ExecutionOrderSort2 (0ms)
		AwakeInstancesAfterBackupRestoration (7ms)
Refreshing native plugins compatible for Editor in 8.54 ms, found 3 plugins.
Preloading 0 native plugins for Editor in 0.00 ms.
Unloading 3475 Unused Serialized files (Serialized files now loaded: 0)
Unloading 24 unused Assets / (31.7 KB). Loaded Objects now: 3978.
Memory consumption went from 146.1 MB to 146.1 MB.
Total: 4.055800 ms (FindLiveObjects: 0.911200 ms CreateObjectMapping: 0.235600 ms MarkObjects: 2.839100 ms  DeleteObjects: 0.067900 ms)

Prepare: number of updated asset objects reloaded= 0
AssetImportParameters requested are different than current active one (requested -> active):
  custom:scripting/monoscript/fileName/ChildGameObjects.cs: 46ed47150dae60ef794bca31aac062be -> 
  custom:container-demuxer-ogg: 62fdf1f143b41e24485cea50d1cbac27 -> 
  custom:scripting/monoscript/fileName/ResizePanel.cs: 34d95ac36ae44d64ceaf340236a91951 -> 
  custom:video-codec-MediaFoundation-h265: 746d11721c4dcdbdad8f713fa42b33f4 -> 
  custom:scripting/monoscript/fileName/GUISoundManager.cs: 2dcf27ebc3da6fd3f5c4717c6d0d0ce7 -> 
  custom:video-decoder-ogg-theora: a1e56fd34408186e4bbccfd4996cb3dc -> 
  custom:framework-win-MediaFoundation: 216162199b28c13a410421893ffa2e32 -> 
  custom:scripting/monoscript/fileName/NewBehaviourScript.cs: b21687ddb03d73bd9f0c1daecb9714de -> 
  custom:scripting/monoscript/fileName/GUISpriteRotate.cs: 9790ecf63c6c18113bd0998a6c96ba5f -> 
  custom:CustomObjectIndexerAttribute: 6d391050e5a25f67b0a2c618074f2cd9 -> 
  custom:scripting/monoscript/fileName/LoadingSimulation.cs: a7f4e74cd79d894e9a0d1b7f8c422466 -> 
  custom:container-demuxer-webm: 4f35f7cbe854078d1ac9338744f61a02 -> 
  custom:container-muxer-webm: aa71ff27fc2769a1b78a27578f13a17b -> 
  custom:video-decoder-webm-vp8: 9c59270c3fd7afecdb556c50c9e8de78 -> 
  custom:scripting/monoscript/fileName/BallMask.cs: f583f25cd2924eb484703b552f64fc33 -> 
  custom:SearchIndexIgnoredProperties: e643bd26f0fe6173181afceb89e7c659 -> 
  custom:AudioImporter_EditorPlatform: d09bf68614088b80899f8185d706f6e7 -> 
  custom:video-encoder-webm-vp8: eb34c28f22e8b96e1ab97ce403110664 -> 
  custom:audio-decoder-ogg-vorbis: bf7c407c2cedff20999df2af8eb42d56 -> 
  custom:scripting/monoscript/fileName/ChangeCursorOnHover.cs: 5e70ca0c77366cb781fb338adeb8e778 -> 
  custom:scripting/monoscript/fileName/SliderManager.cs: 99e63196ab76039ff325259831eca709 -> 
  custom:scripting/monoscript/fileName/DragPanel.cs: 376a07f318599d41c8186ab66774b222 -> 
  custom:audio-encoder-webm-vorbis: bf7c407c2cedff20999df2af8eb42d56 -> 
  custom:scripting/monoscript/fileName/Validate.cs: 5d4f1630d3efc0ce2491cb2df7d8a4d6 -> 
========================================================================
Received Prepare
Begin MonoManager ReloadAssembly
- Loaded All Assemblies, in  0.496 seconds
Refreshing native plugins compatible for Editor in 7.11 ms, found 3 plugins.
Native extension for WindowsStandalone target not found
[Package Manager] Server::EnsureServerProcessIsRunning -- launch failed, reason: Unity was launched with the -noUpm command-line argument
[Package Manager] UpmClient::Send -- Unable to send message (not connected to UPM process).
[Package Manager] Cannot connect to Unity Package Manager local server
Mono: successfully reloaded assembly
- Finished resetting the current domain, in  1.046 seconds
Domain Reload Profiling: 1534ms
	BeginReloadAssembly (174ms)
		ExecutionOrderSort (0ms)
		DisableScriptedObjects (4ms)
		BackupInstance (0ms)
		ReleaseScriptingObjects (0ms)
		CreateAndSetChildDomain (31ms)
	RebuildCommonClasses (29ms)
	RebuildNativeTypeToScriptingClass (9ms)
	initialDomainReloadingComplete (43ms)
	LoadAllAssembliesAndSetupDomain (233ms)
		LoadAssemblies (311ms)
		RebuildTransferFunctionScriptingTraits (0ms)
		AnalyzeDomain (21ms)
			TypeCache.Refresh (7ms)
				TypeCache.ScanAssembly (0ms)
			ScanForSourceGeneratedMonoScriptInfo (10ms)
			ResolveRequiredComponents (4ms)
	FinalizeReload (1047ms)
		ReleaseScriptCaches (0ms)
		RebuildScriptCaches (0ms)
		SetupLoadedEditorAssemblies (375ms)
			LogAssemblyErrors (0ms)
			InitializePlatformSupportModulesInManaged (5ms)
			SetLoadedEditorAssemblies (3ms)
			RefreshPlugins (0ms)
			BeforeProcessingInitializeOnLoad (60ms)
			ProcessInitializeOnLoadAttributes (276ms)
			ProcessInitializeOnLoadMethodAttributes (17ms)
			AfterProcessingInitializeOnLoad (14ms)
			EditorAssembliesLoaded (0ms)
		ExecutionOrderSort2 (0ms)
		AwakeInstancesAfterBackupRestoration (10ms)
Refreshing native plugins compatible for Editor in 6.36 ms, found 3 plugins.
Preloading 0 native plugins for Editor in 0.00 ms.
Unloading 3475 Unused Serialized files (Serialized files now loaded: 0)
Unloading 24 unused Assets / (31.6 KB). Loaded Objects now: 3981.
Memory consumption went from 148.0 MB to 148.0 MB.
Total: 3.026400 ms (FindLiveObjects: 0.311100 ms CreateObjectMapping: 0.233600 ms MarkObjects: 2.408300 ms  DeleteObjects: 0.072600 ms)

Prepare: number of updated asset objects reloaded= 0
AssetImportParameters requested are different than current active one (requested -> active):
  custom:scripting/monoscript/fileName/ChildGameObjects.cs: 46ed47150dae60ef794bca31aac062be -> 
  custom:container-demuxer-ogg: 62fdf1f143b41e24485cea50d1cbac27 -> 
  custom:scripting/monoscript/fileName/ResizePanel.cs: 34d95ac36ae44d64ceaf340236a91951 -> 
  custom:video-codec-MediaFoundation-h265: 746d11721c4dcdbdad8f713fa42b33f4 -> 
  custom:scripting/monoscript/fileName/GUISoundManager.cs: 2dcf27ebc3da6fd3f5c4717c6d0d0ce7 -> 
  custom:video-decoder-ogg-theora: a1e56fd34408186e4bbccfd4996cb3dc -> 
  custom:framework-win-MediaFoundation: 216162199b28c13a410421893ffa2e32 -> 
  custom:scripting/monoscript/fileName/NewBehaviourScript.cs: b21687ddb03d73bd9f0c1daecb9714de -> 
  custom:scripting/monoscript/fileName/GUISpriteRotate.cs: 9790ecf63c6c18113bd0998a6c96ba5f -> 
  custom:CustomObjectIndexerAttribute: 6d391050e5a25f67b0a2c618074f2cd9 -> 
  custom:scripting/monoscript/fileName/LoadingSimulation.cs: a7f4e74cd79d894e9a0d1b7f8c422466 -> 
  custom:container-demuxer-webm: 4f35f7cbe854078d1ac9338744f61a02 -> 
  custom:container-muxer-webm: aa71ff27fc2769a1b78a27578f13a17b -> 
  custom:video-decoder-webm-vp8: 9c59270c3fd7afecdb556c50c9e8de78 -> 
  custom:scripting/monoscript/fileName/BallMask.cs: f583f25cd2924eb484703b552f64fc33 -> 
  custom:SearchIndexIgnoredProperties: e643bd26f0fe6173181afceb89e7c659 -> 
  custom:AudioImporter_EditorPlatform: d09bf68614088b80899f8185d706f6e7 -> 
  custom:video-encoder-webm-vp8: eb34c28f22e8b96e1ab97ce403110664 -> 
  custom:audio-decoder-ogg-vorbis: bf7c407c2cedff20999df2af8eb42d56 -> 
  custom:scripting/monoscript/fileName/ChangeCursorOnHover.cs: 5e70ca0c77366cb781fb338adeb8e778 -> 
  custom:scripting/monoscript/fileName/SliderManager.cs: 99e63196ab76039ff325259831eca709 -> 
  custom:scripting/monoscript/fileName/DragPanel.cs: 376a07f318599d41c8186ab66774b222 -> 
  custom:audio-encoder-webm-vorbis: bf7c407c2cedff20999df2af8eb42d56 -> 
  custom:scripting/monoscript/fileName/Validate.cs: 5d4f1630d3efc0ce2491cb2df7d8a4d6 -> 
========================================================================
Received Import Request.
  Time since last request: 7418.590311 seconds.
  path: Assets/Scenes/Menu.unity
  artifactKey: Guid(ac7e7734e9c26a24fb22386ffa1daf74) Importer(815301076,1909f56bfc062723c751e8b465ee728b)
Start importing Assets/Scenes/Menu.unity using Guid(ac7e7734e9c26a24fb22386ffa1daf74) Importer(815301076,1909f56bfc062723c751e8b465ee728b)  -> (artifact id: '92a2e39c6c633cc5553713c24260e7c0') in 0.010056 seconds
Number of updated asset objects reloaded before import = 0
Number of asset objects unloaded after import = 0
========================================================================
Received Import Request.
  Time since last request: 208.496099 seconds.
  path: Assets/GUI Kit - Dark Geo/ResourceData/Sprite/Demo/Demo_Image/Image_Text_DarkGeo.png
  artifactKey: Guid(a7bbce1a4e2434d87b933f322b216204) Importer(815301076,1909f56bfc062723c751e8b465ee728b)
Start importing Assets/GUI Kit - Dark Geo/ResourceData/Sprite/Demo/Demo_Image/Image_Text_DarkGeo.png using Guid(a7bbce1a4e2434d87b933f322b216204) Importer(815301076,1909f56bfc062723c751e8b465ee728b)  -> (artifact id: '059c58a2dc7b0444a2742df17dd9f319') in 0.089917 seconds
Number of updated asset objects reloaded before import = 0
Number of asset objects unloaded after import = 3
========================================================================
Received Import Request.
  Time since last request: 224.833197 seconds.
  path: Assets/GUI Kit - Dark Geo/ResourceData/Sprite/Demo/Demo_Image/Image_Text_GameGuiSkin.png
  artifactKey: Guid(3faa1e431ac9a40fea8e821794ba2a26) Importer(815301076,1909f56bfc062723c751e8b465ee728b)
Start importing Assets/GUI Kit - Dark Geo/ResourceData/Sprite/Demo/Demo_Image/Image_Text_GameGuiSkin.png using Guid(3faa1e431ac9a40fea8e821794ba2a26) Importer(815301076,1909f56bfc062723c751e8b465ee728b)  -> (artifact id: 'b4250902c70217375b9d1a9616ed23a8') in 0.017401 seconds
Number of updated asset objects reloaded before import = 0
Number of asset objects unloaded after import = 3
========================================================================
Received Import Request.
  Time since last request: 256.935822 seconds.
  path: Assets/Scenes/Menu.unity
  artifactKey: Guid(ac7e7734e9c26a24fb22386ffa1daf74) Importer(815301076,1909f56bfc062723c751e8b465ee728b)
Start importing Assets/Scenes/Menu.unity using Guid(ac7e7734e9c26a24fb22386ffa1daf74) Importer(815301076,1909f56bfc062723c751e8b465ee728b)  -> (artifact id: 'aad43aac481008cbfa5c133870caf8b8') in 0.001017 seconds
Number of updated asset objects reloaded before import = 0
Number of asset objects unloaded after import = 0
========================================================================
Received Prepare
Begin MonoManager ReloadAssembly
- Loaded All Assemblies, in  2.256 seconds
Refreshing native plugins compatible for Editor in 7.78 ms, found 3 plugins.
Native extension for WindowsStandalone target not found
[Package Manager] Server::EnsureServerProcessIsRunning -- launch failed, reason: Unity was launched with the -noUpm command-line argument
[Package Manager] UpmClient::Send -- Unable to send message (not connected to UPM process).
[Package Manager] Cannot connect to Unity Package Manager local server
Mono: successfully reloaded assembly
- Finished resetting the current domain, in  7.604 seconds
Domain Reload Profiling: 9850ms
	BeginReloadAssembly (183ms)
		ExecutionOrderSort (0ms)
		DisableScriptedObjects (4ms)
		BackupInstance (0ms)
		ReleaseScriptingObjects (0ms)
		CreateAndSetChildDomain (33ms)
	RebuildCommonClasses (31ms)
	RebuildNativeTypeToScriptingClass (10ms)
	initialDomainReloadingComplete (42ms)
	LoadAllAssembliesAndSetupDomain (1981ms)
		LoadAssemblies (2078ms)
		RebuildTransferFunctionScriptingTraits (0ms)
		AnalyzeDomain (11ms)
			TypeCache.Refresh (5ms)
				TypeCache.ScanAssembly (0ms)
			ScanForSourceGeneratedMonoScriptInfo (0ms)
			ResolveRequiredComponents (4ms)
	FinalizeReload (7604ms)
		ReleaseScriptCaches (0ms)
		RebuildScriptCaches (0ms)
		SetupLoadedEditorAssemblies (376ms)
			LogAssemblyErrors (0ms)
			InitializePlatformSupportModulesInManaged (5ms)
			SetLoadedEditorAssemblies (2ms)
			RefreshPlugins (0ms)
			BeforeProcessingInitializeOnLoad (59ms)
			ProcessInitializeOnLoadAttributes (278ms)
			ProcessInitializeOnLoadMethodAttributes (18ms)
			AfterProcessingInitializeOnLoad (14ms)
			EditorAssembliesLoaded (0ms)
		ExecutionOrderSort2 (0ms)
		AwakeInstancesAfterBackupRestoration (6ms)
Refreshing native plugins compatible for Editor in 8.70 ms, found 3 plugins.
Preloading 0 native plugins for Editor in 0.00 ms.
Unloading 3474 Unused Serialized files (Serialized files now loaded: 0)
Unloading 24 unused Assets / (31.7 KB). Loaded Objects now: 3992.
Memory consumption went from 154.1 MB to 154.1 MB.
Total: 3.055700 ms (FindLiveObjects: 0.294500 ms CreateObjectMapping: 0.131200 ms MarkObjects: 2.569300 ms  DeleteObjects: 0.059900 ms)

Prepare: number of updated asset objects reloaded= 0
AssetImportParameters requested are different than current active one (requested -> active):
  custom:scripting/monoscript/fileName/ChildGameObjects.cs: 46ed47150dae60ef794bca31aac062be -> 
  custom:container-demuxer-ogg: 62fdf1f143b41e24485cea50d1cbac27 -> 
  custom:scripting/monoscript/fileName/ResizePanel.cs: 34d95ac36ae44d64ceaf340236a91951 -> 
  custom:video-codec-MediaFoundation-h265: 746d11721c4dcdbdad8f713fa42b33f4 -> 
  custom:scripting/monoscript/fileName/GUISoundManager.cs: 2dcf27ebc3da6fd3f5c4717c6d0d0ce7 -> 
  custom:video-decoder-ogg-theora: a1e56fd34408186e4bbccfd4996cb3dc -> 
  custom:framework-win-MediaFoundation: 216162199b28c13a410421893ffa2e32 -> 
  custom:scripting/monoscript/fileName/NewBehaviourScript.cs: b21687ddb03d73bd9f0c1daecb9714de -> 
  custom:scripting/monoscript/fileName/GUISpriteRotate.cs: 9790ecf63c6c18113bd0998a6c96ba5f -> 
  custom:CustomObjectIndexerAttribute: 6d391050e5a25f67b0a2c618074f2cd9 -> 
  custom:scripting/monoscript/fileName/LoadingSimulation.cs: a7f4e74cd79d894e9a0d1b7f8c422466 -> 
  custom:container-demuxer-webm: 4f35f7cbe854078d1ac9338744f61a02 -> 
  custom:container-muxer-webm: aa71ff27fc2769a1b78a27578f13a17b -> 
  custom:video-decoder-webm-vp8: 9c59270c3fd7afecdb556c50c9e8de78 -> 
  custom:scripting/monoscript/fileName/BallMask.cs: f583f25cd2924eb484703b552f64fc33 -> 
  custom:SearchIndexIgnoredProperties: e643bd26f0fe6173181afceb89e7c659 -> 
  custom:AudioImporter_EditorPlatform: d09bf68614088b80899f8185d706f6e7 -> 
  custom:video-encoder-webm-vp8: eb34c28f22e8b96e1ab97ce403110664 -> 
  custom:audio-decoder-ogg-vorbis: bf7c407c2cedff20999df2af8eb42d56 -> 
  custom:scripting/monoscript/fileName/ChangeCursorOnHover.cs: 5e70ca0c77366cb781fb338adeb8e778 -> 
  custom:scripting/monoscript/fileName/SliderManager.cs: 99e63196ab76039ff325259831eca709 -> 
  custom:scripting/monoscript/fileName/DragPanel.cs: 376a07f318599d41c8186ab66774b222 -> 
  custom:audio-encoder-webm-vorbis: bf7c407c2cedff20999df2af8eb42d56 -> 
  custom:scripting/monoscript/fileName/Validate.cs: 5d4f1630d3efc0ce2491cb2df7d8a4d6 -> 
========================================================================
Received Import Request.
  Time since last request: 1262.747737 seconds.
  path: Assets/GUI Kit - Dark Geo/ResourceData/Sprite/Demo/Demo_Image
  artifactKey: Guid(fbfa2092d85ee4f6abdfb748cd57cd47) Importer(815301076,1909f56bfc062723c751e8b465ee728b)
Start importing Assets/GUI Kit - Dark Geo/ResourceData/Sprite/Demo/Demo_Image using Guid(fbfa2092d85ee4f6abdfb748cd57cd47) Importer(815301076,1909f56bfc062723c751e8b465ee728b)  -> (artifact id: 'f0d1788447f45e205c1df2c82c79a383') in 0.011124 seconds
Number of updated asset objects reloaded before import = 0
Number of asset objects unloaded after import = 0
========================================================================
Received Import Request.
  Time since last request: 75.414117 seconds.
  path: Assets/GUI Kit - Dark Geo/ResourceData/Sprite/Demo/Demo_Image/New Weapon Item.asset
  artifactKey: Guid(d3f257707657e0e42862b620b9410d6a) Importer(815301076,1909f56bfc062723c751e8b465ee728b)
Start importing Assets/GUI Kit - Dark Geo/ResourceData/Sprite/Demo/Demo_Image/New Weapon Item.asset using Guid(d3f257707657e0e42862b620b9410d6a) Importer(815301076,1909f56bfc062723c751e8b465ee728b)  -> (artifact id: 'f6e0e6775e84bef0634a95ece239f5e7') in 0.011837 seconds
Number of updated asset objects reloaded before import = 0
Number of asset objects unloaded after import = 1
========================================================================
Received Import Request.
  Time since last request: 1824.294046 seconds.
  path: Assets/GUI Kit - Dark Geo/ResourceData/Sprite/Demo/Demo_Image/Image_Line.png
  artifactKey: Guid(0dba6285ce5cf422a9c816f9417ae02f) Importer(815301076,1909f56bfc062723c751e8b465ee728b)
Start importing Assets/GUI Kit - Dark Geo/ResourceData/Sprite/Demo/Demo_Image/Image_Line.png using Guid(0dba6285ce5cf422a9c816f9417ae02f) Importer(815301076,1909f56bfc062723c751e8b465ee728b)  -> (artifact id: 'cbd1fd67010175bfb06716dcac7babe4') in 0.092014 seconds
Number of updated asset objects reloaded before import = 0
Number of asset objects unloaded after import = 3
========================================================================
Received Import Request.
  Time since last request: 4.969373 seconds.
  path: Assets/GUI Kit - Dark Geo/ResourceData/Animation/loading_rotate_01.png
  artifactKey: Guid(835c36ef6d1314956b02afef4db707b5) Importer(815301076,1909f56bfc062723c751e8b465ee728b)
Start importing Assets/GUI Kit - Dark Geo/ResourceData/Animation/loading_rotate_01.png using Guid(835c36ef6d1314956b02afef4db707b5) Importer(815301076,1909f56bfc062723c751e8b465ee728b)  -> (artifact id: 'd56e520b289e1dece54ee13e74febd84') in 0.019547 seconds
Number of updated asset objects reloaded before import = 0
Number of asset objects unloaded after import = 3
========================================================================
Received Import Request.
  Time since last request: 7.311101 seconds.
  path: Assets/GUI Kit - Dark Geo/ResourceData/Sprite/Component/Frame/LineFrame00_Right.png
  artifactKey: Guid(45473dbaead534770b83facb817b17ff) Importer(815301076,1909f56bfc062723c751e8b465ee728b)
Start importing Assets/GUI Kit - Dark Geo/ResourceData/Sprite/Component/Frame/LineFrame00_Right.png using Guid(45473dbaead534770b83facb817b17ff) Importer(815301076,1909f56bfc062723c751e8b465ee728b)  -> (artifact id: '7996841c919dc40882c7390269c16daa') in 0.022524 seconds
Number of updated asset objects reloaded before import = 0
Number of asset objects unloaded after import = 3
========================================================================
Received Import Request.
  Time since last request: 7.137525 seconds.
  path: Assets/GUI Kit - Dark Geo/ResourceData/Sprite/Component/Icon_ButtonIcon_(Origin)/btn_ad_remove_f.png
  artifactKey: Guid(af69da3aa6feb4a6f8e7e328331380d3) Importer(815301076,1909f56bfc062723c751e8b465ee728b)
Start importing Assets/GUI Kit - Dark Geo/ResourceData/Sprite/Component/Icon_ButtonIcon_(Origin)/btn_ad_remove_f.png using Guid(af69da3aa6feb4a6f8e7e328331380d3) Importer(815301076,1909f56bfc062723c751e8b465ee728b)  -> (artifact id: '92f08afc49d27a966c6e0f064bc14b1a') in 0.021941 seconds
Number of updated asset objects reloaded before import = 0
Number of asset objects unloaded after import = 3
========================================================================
Received Import Request.
  Time since last request: 9809.168152 seconds.
  path: Assets/GUI Kit - Dark Geo/ResourceData/Sprite/Component/Icon_ButtonIcon_(Origin)/btn_down_n.png
  artifactKey: Guid(9bd02148d797a49fea810a3423bdc098) Importer(815301076,1909f56bfc062723c751e8b465ee728b)
Start importing Assets/GUI Kit - Dark Geo/ResourceData/Sprite/Component/Icon_ButtonIcon_(Origin)/btn_down_n.png using Guid(9bd02148d797a49fea810a3423bdc098) Importer(815301076,1909f56bfc062723c751e8b465ee728b)  -> (artifact id: 'fa895ea2f8b57d03d6dbcae939747ee6') in 0.053391 seconds
Number of updated asset objects reloaded before import = 0
Number of asset objects unloaded after import = 3
========================================================================
Received Import Request.
  Time since last request: 0.624335 seconds.
  path: Assets/GUI Kit - Dark Geo/ResourceData/Sprite/Component/Icon_ButtonIcon_(Origin)/btn_download_f.png
  artifactKey: Guid(b4cdec20f77624d92a16947beb797b23) Importer(815301076,1909f56bfc062723c751e8b465ee728b)
Start importing Assets/GUI Kit - Dark Geo/ResourceData/Sprite/Component/Icon_ButtonIcon_(Origin)/btn_download_f.png using Guid(b4cdec20f77624d92a16947beb797b23) Importer(815301076,1909f56bfc062723c751e8b465ee728b)  -> (artifact id: '2964e0eb7faa48a09906e8cab45bfe99') in 0.024243 seconds
Number of updated asset objects reloaded before import = 0
Number of asset objects unloaded after import = 3
========================================================================
Received Import Request.
  Time since last request: 1.074295 seconds.
  path: Assets/GUI Kit - Dark Geo/ResourceData/Sprite/Component/Icon_ButtonIcon_(Origin)/btn_castle_n.png
  artifactKey: Guid(f2c5267367e0346c39493b8a5f7a3d32) Importer(815301076,1909f56bfc062723c751e8b465ee728b)
Start importing Assets/GUI Kit - Dark Geo/ResourceData/Sprite/Component/Icon_ButtonIcon_(Origin)/btn_castle_n.png using Guid(f2c5267367e0346c39493b8a5f7a3d32) Importer(815301076,1909f56bfc062723c751e8b465ee728b)  -> (artifact id: 'd0cf9d0f577d8ffb2fcfa231d4d6ed18') in 0.021491 seconds
Number of updated asset objects reloaded before import = 0
Number of asset objects unloaded after import = 3
========================================================================
Received Import Request.
  Time since last request: 0.722591 seconds.
  path: Assets/GUI Kit - Dark Geo/ResourceData/Sprite/Component/Icon_ButtonIcon_(Origin)/btn_bulb_f.png
  artifactKey: Guid(bcd367aed6465490da3c760af06475ed) Importer(815301076,1909f56bfc062723c751e8b465ee728b)
Start importing Assets/GUI Kit - Dark Geo/ResourceData/Sprite/Component/Icon_ButtonIcon_(Origin)/btn_bulb_f.png using Guid(bcd367aed6465490da3c760af06475ed) Importer(815301076,1909f56bfc062723c751e8b465ee728b)  -> (artifact id: 'cfa2c9159419df91531600416cea8c9b') in 0.026148 seconds
Number of updated asset objects reloaded before import = 0
Number of asset objects unloaded after import = 3
========================================================================
Received Import Request.
  Time since last request: 2.281250 seconds.
  path: Assets/GUI Kit - Dark Geo/ResourceData/Sprite/Component/Icon_ButtonIcon_(Origin)/btn_bulb_n.png
  artifactKey: Guid(0a2a88ad9441b41a49fd942cb774c818) Importer(815301076,1909f56bfc062723c751e8b465ee728b)
Start importing Assets/GUI Kit - Dark Geo/ResourceData/Sprite/Component/Icon_ButtonIcon_(Origin)/btn_bulb_n.png using Guid(0a2a88ad9441b41a49fd942cb774c818) Importer(815301076,1909f56bfc062723c751e8b465ee728b)  -> (artifact id: 'a10bd49278ed7c144dfcc63a23e0c128') in 0.019332 seconds
Number of updated asset objects reloaded before import = 0
Number of asset objects unloaded after import = 3
========================================================================
Received Import Request.
  Time since last request: 0.549621 seconds.
  path: Assets/GUI Kit - Dark Geo/ResourceData/Sprite/Component/Icon_ButtonIcon_(Origin)/btn_calendar_f.png
  artifactKey: Guid(4d3d5216f76594543b5c4c6aee9d2ddf) Importer(815301076,1909f56bfc062723c751e8b465ee728b)
Start importing Assets/GUI Kit - Dark Geo/ResourceData/Sprite/Component/Icon_ButtonIcon_(Origin)/btn_calendar_f.png using Guid(4d3d5216f76594543b5c4c6aee9d2ddf) Importer(815301076,1909f56bfc062723c751e8b465ee728b)  -> (artifact id: '0fe6e488e17aaeab98b7f5a1667e04b3') in 0.017972 seconds
Number of updated asset objects reloaded before import = 0
Number of asset objects unloaded after import = 3
========================================================================
Received Import Request.
  Time since last request: 6.705156 seconds.
  path: Assets/GUI Kit - Dark Geo/ResourceData/Sprite/Component/Slider/Slider01_White_Fill.png
  artifactKey: Guid(fad7454c562ae41febea61e4aea014c0) Importer(815301076,1909f56bfc062723c751e8b465ee728b)
Start importing Assets/GUI Kit - Dark Geo/ResourceData/Sprite/Component/Slider/Slider01_White_Fill.png using Guid(fad7454c562ae41febea61e4aea014c0) Importer(815301076,1909f56bfc062723c751e8b465ee728b)  -> (artifact id: '5899576ce52946779049b325163b2fa9') in 0.022358 seconds
Number of updated asset objects reloaded before import = 0
Number of asset objects unloaded after import = 3
========================================================================
Received Import Request.
  Time since last request: 0.758487 seconds.
  path: Assets/GUI Kit - Dark Geo/ResourceData/Sprite/Component/Slider/Slider01_White_Frame.png
  artifactKey: Guid(759f4a54bc89a4962883257dd0199bd7) Importer(815301076,1909f56bfc062723c751e8b465ee728b)
Start importing Assets/GUI Kit - Dark Geo/ResourceData/Sprite/Component/Slider/Slider01_White_Frame.png using Guid(759f4a54bc89a4962883257dd0199bd7) Importer(815301076,1909f56bfc062723c751e8b465ee728b)  -> (artifact id: '97e826e2d15ef6cdf68cbd0b49c84aa9') in 0.019809 seconds
Number of updated asset objects reloaded before import = 0
Number of asset objects unloaded after import = 3
========================================================================
Received Import Request.
  Time since last request: 0.383086 seconds.
  path: Assets/GUI Kit - Dark Geo/ResourceData/Sprite/Component/Slider/Slider01_White_InnerFrame.png
  artifactKey: Guid(c8be0887e56714590a4a4f8850b87ba2) Importer(815301076,1909f56bfc062723c751e8b465ee728b)
Start importing Assets/GUI Kit - Dark Geo/ResourceData/Sprite/Component/Slider/Slider01_White_InnerFrame.png using Guid(c8be0887e56714590a4a4f8850b87ba2) Importer(815301076,1909f56bfc062723c751e8b465ee728b)  -> (artifact id: 'c90223fa31055de01e51f1042e54ccfe') in 0.020240 seconds
Number of updated asset objects reloaded before import = 0
Number of asset objects unloaded after import = 3
========================================================================
Received Import Request.
  Time since last request: 17.766007 seconds.
  path: Assets/GUI Kit - Dark Geo/ResourceData/Sprite/Component/Slider/Slider00_White_Frame_White.png
  artifactKey: Guid(b1efce74518fb4eb98cacadee1190a58) Importer(815301076,1909f56bfc062723c751e8b465ee728b)
Start importing Assets/GUI Kit - Dark Geo/ResourceData/Sprite/Component/Slider/Slider00_White_Frame_White.png using Guid(b1efce74518fb4eb98cacadee1190a58) Importer(815301076,1909f56bfc062723c751e8b465ee728b)  -> (artifact id: 'ee02d335265700c2fa31d988c924bccd') in 0.017771 seconds
Number of updated asset objects reloaded before import = 0
Number of asset objects unloaded after import = 3
========================================================================
Received Import Request.
  Time since last request: 0.830301 seconds.
  path: Assets/GUI Kit - Dark Geo/ResourceData/Sprite/Component/Slider/Slider02_Frame.png
  artifactKey: Guid(0386c5023f2e448eda29ed207d520c9c) Importer(815301076,1909f56bfc062723c751e8b465ee728b)
Start importing Assets/GUI Kit - Dark Geo/ResourceData/Sprite/Component/Slider/Slider02_Frame.png using Guid(0386c5023f2e448eda29ed207d520c9c) Importer(815301076,1909f56bfc062723c751e8b465ee728b)  -> (artifact id: '640797f3b8d1a8d2bad6f4473cc0300a') in 0.019274 seconds
Number of updated asset objects reloaded before import = 0
Number of asset objects unloaded after import = 3
========================================================================
Received Import Request.
  Time since last request: 0.465389 seconds.
  path: Assets/GUI Kit - Dark Geo/ResourceData/Sprite/Component/Slider/Slider02_Icon_Potion_blue.png
  artifactKey: Guid(49855b69748c048078ef805e13e75c80) Importer(815301076,1909f56bfc062723c751e8b465ee728b)
Start importing Assets/GUI Kit - Dark Geo/ResourceData/Sprite/Component/Slider/Slider02_Icon_Potion_blue.png using Guid(49855b69748c048078ef805e13e75c80) Importer(815301076,1909f56bfc062723c751e8b465ee728b)  -> (artifact id: 'd4f336e0cd3078dee8745f73ee234a72') in 0.021166 seconds
Number of updated asset objects reloaded before import = 0
Number of asset objects unloaded after import = 3
========================================================================
Received Import Request.
  Time since last request: 0.337053 seconds.
  path: Assets/GUI Kit - Dark Geo/ResourceData/Sprite/Component/Slider/Slider02_Icon_Boots.png
  artifactKey: Guid(b6f6d65637db346f6940973ca40164d4) Importer(815301076,1909f56bfc062723c751e8b465ee728b)
Start importing Assets/GUI Kit - Dark Geo/ResourceData/Sprite/Component/Slider/Slider02_Icon_Boots.png using Guid(b6f6d65637db346f6940973ca40164d4) Importer(815301076,1909f56bfc062723c751e8b465ee728b)  -> (artifact id: 'a3d9dd777b6c48e91e964a78d4f4077e') in 0.020015 seconds
Number of updated asset objects reloaded before import = 0
Number of asset objects unloaded after import = 3
========================================================================
Received Import Request.
  Time since last request: 0.279809 seconds.
  path: Assets/GUI Kit - Dark Geo/ResourceData/Sprite/Component/Slider/Slider02_White_Fill.png
  artifactKey: Guid(fa824809422204d7eb808fecfdd896bd) Importer(815301076,1909f56bfc062723c751e8b465ee728b)
Start importing Assets/GUI Kit - Dark Geo/ResourceData/Sprite/Component/Slider/Slider02_White_Fill.png using Guid(fa824809422204d7eb808fecfdd896bd) Importer(815301076,1909f56bfc062723c751e8b465ee728b)  -> (artifact id: 'a186604a16546a735e3f26db8f31dbb5') in 0.024631 seconds
Number of updated asset objects reloaded before import = 0
Number of asset objects unloaded after import = 3
